<?xml version="1.0" encoding="UTF-8"?>
<testng-results skipped="0" failed="0" total="1" passed="1">
  <reporter-output>
  </reporter-output>
  <suite name="Default suite" duration-ms="4349" started-at="2016-01-14T22:05:24Z" finished-at="2016-01-14T22:05:28Z">
    <groups>
    </groups>
    <test name="Default test" duration-ms="4349" started-at="2016-01-14T22:05:24Z" finished-at="2016-01-14T22:05:28Z">
      <class name="testCases.TestFrameWork">
        <test-method status="PASS" signature="setUp()[pri:0, instance:testCases.TestFrameWork@36d64342]" name="setUp" is-config="true" duration-ms="13458" started-at="2016-01-14T16:05:10Z" finished-at="2016-01-14T16:05:24Z">
          <reporter-output>
          </reporter-output>
        </test-method> <!-- setUp -->
        <test-method status="PASS" signature="testFrame()[pri:0, instance:testCases.TestFrameWork@36d64342]" name="testFrame" duration-ms="4215" started-at="2016-01-14T16:05:24Z" finished-at="2016-01-14T16:05:28Z">
          <reporter-output>
          </reporter-output>
        </test-method> <!-- testFrame -->
        <test-method status="PASS" signature="tearDown()[pri:0, instance:testCases.TestFrameWork@36d64342]" name="tearDown" is-config="true" duration-ms="115" started-at="2016-01-14T16:05:28Z" finished-at="2016-01-14T16:05:28Z">
          <reporter-output>
          </reporter-output>
        </test-method> <!-- tearDown -->
      </class> <!-- testCases.TestFrameWork -->
    </test> <!-- Default test -->
  </suite> <!-- Default suite -->
</testng-results>
